0 info it worked if it ends with ok
1 verbose cli [ '/usr/bin/nodejs', '/usr/bin/npm', '-g', 'install', 'node-dev' ]
2 info using npm@2.15.11
3 info using node@v4.8.3
4 verbose install initial load of /usr/lib/package.json
5 verbose readDependencies loading dependencies from /usr/lib/package.json
6 silly cache add args [ 'node-dev', null ]
7 verbose cache add spec node-dev
8 silly cache add parsed spec Result {
8 silly cache add   raw: 'node-dev',
8 silly cache add   scope: null,
8 silly cache add   name: 'node-dev',
8 silly cache add   rawSpec: '',
8 silly cache add   spec: 'latest',
8 silly cache add   type: 'tag' }
9 silly addNamed node-dev@latest
10 verbose addNamed "latest" is being treated as a dist-tag for node-dev
11 info addNameTag [ 'node-dev', 'latest' ]
12 silly mapToRegistry name node-dev
13 silly mapToRegistry using default registry
14 silly mapToRegistry registry https://registry.npmjs.org/
15 silly mapToRegistry data Result {
15 silly mapToRegistry   raw: 'node-dev',
15 silly mapToRegistry   scope: null,
15 silly mapToRegistry   name: 'node-dev',
15 silly mapToRegistry   rawSpec: '',
15 silly mapToRegistry   spec: 'latest',
15 silly mapToRegistry   type: 'tag' }
16 silly mapToRegistry uri https://registry.npmjs.org/node-dev
17 verbose addNameTag registry:https://registry.npmjs.org/node-dev not in flight; fetching
18 verbose request uri https://registry.npmjs.org/node-dev
19 verbose request no auth needed
20 info attempt registry request try #1 at 3:58:08 PM
21 verbose request id 1b6525a28c5e4817
22 verbose etag W/"5911e66a-dcaa"
23 verbose lastModified Tue, 09 May 2017 15:55:22 GMT
24 http request GET https://registry.npmjs.org/node-dev
25 http 304 https://registry.npmjs.org/node-dev
26 verbose headers { date: 'Thu, 29 Jun 2017 20:58:08 GMT',
26 verbose headers   via: '1.1 varnish',
26 verbose headers   'cache-control': 'max-age=300',
26 verbose headers   etag: 'W/"5911e66a-dcaa"',
26 verbose headers   age: '33',
26 verbose headers   connection: 'keep-alive',
26 verbose headers   'x-served-by': 'cache-dfw1835-DFW',
26 verbose headers   'x-cache': 'HIT',
26 verbose headers   'x-cache-hits': '1',
26 verbose headers   'x-timer': 'S1498769889.687295,VS0,VE0',
26 verbose headers   vary: 'Accept-Encoding' }
27 silly get cb [ 304,
27 silly get   { date: 'Thu, 29 Jun 2017 20:58:08 GMT',
27 silly get     via: '1.1 varnish',
27 silly get     'cache-control': 'max-age=300',
27 silly get     etag: 'W/"5911e66a-dcaa"',
27 silly get     age: '33',
27 silly get     connection: 'keep-alive',
27 silly get     'x-served-by': 'cache-dfw1835-DFW',
27 silly get     'x-cache': 'HIT',
27 silly get     'x-cache-hits': '1',
27 silly get     'x-timer': 'S1498769889.687295,VS0,VE0',
27 silly get     vary: 'Accept-Encoding' } ]
28 verbose etag https://registry.npmjs.org/node-dev from cache
29 verbose get saving node-dev to /home/sagun/.npm/registry.npmjs.org/node-dev/.cache.json
30 verbose correctMkdir /home/sagun/.npm correctMkdir not in flight; initializing
31 silly addNameTag next cb for node-dev with tag latest
32 silly addNamed node-dev@3.1.3
33 verbose addNamed "3.1.3" is a plain semver version for node-dev
34 silly cache afterAdd node-dev@3.1.3
35 verbose afterAdd /home/sagun/.npm/node-dev/3.1.3/package/package.json not in flight; writing
36 verbose correctMkdir /home/sagun/.npm correctMkdir not in flight; initializing
37 verbose afterAdd /home/sagun/.npm/node-dev/3.1.3/package/package.json written
38 silly install resolved [ { name: 'node-dev',
38 silly install resolved     version: '3.1.3',
38 silly install resolved     description: 'Restarts your app when files are modified',
38 silly install resolved     keywords: [ 'restart', 'reload', 'supervisor', 'monitor', 'watch' ],
38 silly install resolved     author: { name: 'Felix Gnass' },
38 silly install resolved     contributors: [ [Object] ],
38 silly install resolved     repository:
38 silly install resolved      { type: 'git',
38 silly install resolved        url: 'git+ssh://git@github.com/fgnass/node-dev.git' },
38 silly install resolved     license: 'MIT',
38 silly install resolved     bin: { 'node-dev': './bin/node-dev' },
38 silly install resolved     main: './lib',
38 silly install resolved     preferGlobal: true,
38 silly install resolved     engines: { node: '>=0.8.0' },
38 silly install resolved     scripts: { test: 'tap test/*.js' },
38 silly install resolved     dependencies:
38 silly install resolved      { dateformat: '~1.0.4-1.2.3',
38 silly install resolved        'dynamic-dedupe': '^0.2.0',
38 silly install resolved        filewatcher: '~3.0.0',
38 silly install resolved        minimist: '^1.1.3',
38 silly install resolved        'node-notifier': '^4.0.2',
38 silly install resolved        resolve: '^1.0.0' },
38 silly install resolved     devDependencies:
38 silly install resolved      { 'coffee-script': '^1.8.0',
38 silly install resolved        eslint: '^2.0.0',
38 silly install resolved        'eslint-config-airbnb-base': '^3.0.1',
38 silly install resolved        'eslint-plugin-import': '^1.8.1',
38 silly install resolved        tap: '^5.2.0',
38 silly install resolved        touch: '^1.0.0' },
38 silly install resolved     gitHead: '55d67b0406947bf8c5e1f206d7469d55378a8655',
38 silly install resolved     bugs: { url: 'https://github.com/fgnass/node-dev/issues' },
38 silly install resolved     homepage: 'https://github.com/fgnass/node-dev#readme',
38 silly install resolved     _id: 'node-dev@3.1.3',
38 silly install resolved     _shasum: '582719223ebdef5d63059e6a7fbcd2399fc0f84d',
38 silly install resolved     _from: 'node-dev@latest',
38 silly install resolved     _npmVersion: '3.8.6',
38 silly install resolved     _nodeVersion: '6.0.0',
38 silly install resolved     _npmUser: { name: 'fgnass', email: 'fgnass@gmail.com' },
38 silly install resolved     dist:
38 silly install resolved      { shasum: '582719223ebdef5d63059e6a7fbcd2399fc0f84d',
38 silly install resolved        tarball: 'https://registry.npmjs.org/node-dev/-/node-dev-3.1.3.tgz' },
38 silly install resolved     maintainers: [ [Object], [Object], [Object] ],
38 silly install resolved     _npmOperationalInternal:
38 silly install resolved      { host: 'packages-12-west.internal.npmjs.com',
38 silly install resolved        tmp: 'tmp/node-dev-3.1.3.tgz_1464597773220_0.4355018842034042' },
38 silly install resolved     directories: {},
38 silly install resolved     _resolved: 'https://registry.npmjs.org/node-dev/-/node-dev-3.1.3.tgz',
38 silly install resolved     readme: 'ERROR: No README data found!' } ]
39 info install node-dev@3.1.3 into /usr/lib
40 info installOne node-dev@3.1.3
41 verbose installOne of node-dev to /usr/lib not in flight; installing
42 verbose correctMkdir /home/sagun/.npm/_locks correctMkdir not in flight; initializing
43 verbose lock using /home/sagun/.npm/_locks/node-dev-d6411c8183ca842c.lock for /usr/lib/node_modules/node-dev
44 silly install write writing node-dev 3.1.3 to /usr/lib/node_modules/node-dev
45 verbose unbuild lib/node_modules/node-dev
46 silly gentlyRm /usr/lib/node_modules/node-dev is being purged from base /usr
47 verbose gentlyRm don't care about contents; nuking /usr/lib/node_modules/node-dev
48 verbose tar unpack /home/sagun/.npm/node-dev/3.1.3/package.tgz
49 verbose tar unpacking to /usr/lib/node_modules/node-dev
50 silly gentlyRm /usr/lib/node_modules/node-dev is being purged
51 verbose gentlyRm don't care about contents; nuking /usr/lib/node_modules/node-dev
52 silly gunzTarPerm modes [ '775', '664' ]
53 error tar.unpack untar error /home/sagun/.npm/node-dev/3.1.3/package.tgz
54 verbose unlock done using /home/sagun/.npm/_locks/node-dev-d6411c8183ca842c.lock for /usr/lib/node_modules/node-dev
55 verbose fstream_path /usr/lib/node_modules/node-dev
56 verbose fstream_type Directory
57 verbose fstream_class DirWriter
58 verbose stack Error: EACCES: permission denied, mkdir '/usr/lib/node_modules/node-dev'
58 verbose stack     at Error (native)
59 verbose fstream_stack /usr/lib/node_modules/npm/node_modules/fstream/lib/dir-writer.js:35:25
59 verbose fstream_stack /usr/lib/node_modules/npm/node_modules/mkdirp/index.js:47:53
59 verbose fstream_stack FSReqWrap.oncomplete (fs.js:82:15)
60 verbose cwd /home/sagun/node-projects/login
61 error Linux 4.4.0-83-generic
62 error argv "/usr/bin/nodejs" "/usr/bin/npm" "-g" "install" "node-dev"
63 error node v4.8.3
64 error npm  v2.15.11
65 error path /usr/lib/node_modules/node-dev
66 error code EACCES
67 error errno -13
68 error syscall mkdir
69 error Error: EACCES: permission denied, mkdir '/usr/lib/node_modules/node-dev'
69 error     at Error (native)
69 error  { [Error: EACCES: permission denied, mkdir '/usr/lib/node_modules/node-dev']
69 error   errno: -13,
69 error   code: 'EACCES',
69 error   syscall: 'mkdir',
69 error   path: '/usr/lib/node_modules/node-dev',
69 error   fstream_type: 'Directory',
69 error   fstream_path: '/usr/lib/node_modules/node-dev',
69 error   fstream_class: 'DirWriter',
69 error   fstream_stack:
69 error    [ '/usr/lib/node_modules/npm/node_modules/fstream/lib/dir-writer.js:35:25',
69 error      '/usr/lib/node_modules/npm/node_modules/mkdirp/index.js:47:53',
69 error      'FSReqWrap.oncomplete (fs.js:82:15)' ] }
70 error Please try running this command again as root/Administrator.
71 verbose exit [ -13, true ]
72 verbose unbuild lib/node_modules/node-dev
73 silly gentlyRm /usr/lib/node_modules/node-dev is being purged from base /usr
74 verbose gentlyRm don't care about contents; nuking /usr/lib/node_modules/node-dev
